# JRE version: OpenJDK Runtime Environment (8.0_152-b01) (build 1.8.0_152-release-915-b01)
# Java VM: OpenJDK 64-Bit Server VM (25.152-b01 mixed mode linux-amd64 compressed oops)
Heap:
 PSYoungGen      total 219648K, used 0K [0x00000000e0000000, 0x00000000f3d00000, 0x0000000100000000)
  eden space 212480K, 0% used [0x00000000e0000000,0x00000000e0000000,0x00000000ecf80000)
  from space 7168K, 0% used [0x00000000efd00000,0x00000000efd00000,0x00000000f0400000)
  to   space 46592K, 0% used [0x00000000ecf80000,0x00000000ecf80000,0x00000000efd00000)
 ParOldGen       total 114688K, used 82295K [0x00000000a0000000, 0x00000000a7000000, 0x00000000e0000000)
  object space 114688K, 71% used [0x00000000a0000000,0x00000000a505dcf8,0x00000000a7000000)
 Metaspace       used 78796K, capacity 82032K, committed 85012K, reserved 1122304K
  class space    used 9851K, capacity 10630K, committed 11324K, reserved 1048576K
GC Heap History (10 events):
Event: 1074.630 GC heap after
Heap after GC invocations=19 (full 3):
 PSYoungGen      total 239104K, used 9472K [0x00000000e0000000, 0x00000000f0800000, 0x0000000100000000)
  eden space 220160K, 0% used [0x00000000e0000000,0x00000000e0000000,0x00000000ed700000)
  from space 18944K, 50% used [0x00000000ef580000,0x00000000efec00f0,0x00000000f0800000)
  to   space 25088K, 0% used [0x00000000ed700000,0x00000000ed700000,0x00000000eef80000)
 ParOldGen       total 114688K, used 44921K [0x00000000a0000000, 0x00000000a7000000, 0x00000000e0000000)
  object space 114688K, 39% used [0x00000000a0000000,0x00000000a2bde500,0x00000000a7000000)
 Metaspace       used 69606K, capacity 73160K, committed 73492K, reserved 1112064K
  class space    used 9089K, capacity 9964K, committed 10044K, reserved 1048576K
}
Event: 1107.775 GC heap before
{Heap before GC invocations=20 (full 3):
 PSYoungGen      total 239104K, used 229632K [0x00000000e0000000, 0x00000000f0800000, 0x0000000100000000)
  eden space 220160K, 100% used [0x00000000e0000000,0x00000000ed700000,0x00000000ed700000)
  from space 18944K, 50% used [0x00000000ef580000,0x00000000efec00f0,0x00000000f0800000)
  to   space 25088K, 0% used [0x00000000ed700000,0x00000000ed700000,0x00000000eef80000)
 ParOldGen       total 114688K, used 44921K [0x00000000a0000000, 0x00000000a7000000, 0x00000000e0000000)
  object space 114688K, 39% used [0x00000000a0000000,0x00000000a2bde500,0x00000000a7000000)
 Metaspace       used 70210K, capacity 73896K, committed 74004K, reserved 1114112K
  class space    used 9139K, capacity 10038K, committed 10044K, reserved 1048576K
Event: 1107.804 GC heap after
Heap after GC invocations=20 (full 3):
 PSYoungGen      total 245248K, used 13104K [0x00000000e0000000, 0x00000000f1980000, 0x0000000100000000)
  eden space 220160K, 0% used [0x00000000e0000000,0x00000000e0000000,0x00000000ed700000)
  from space 25088K, 52% used [0x00000000ed700000,0x00000000ee3cc140,0x00000000eef80000)
  to   space 24064K, 0% used [0x00000000f0200000,0x00000000f0200000,0x00000000f1980000)
 ParOldGen       total 114688K, used 44929K [0x00000000a0000000, 0x00000000a7000000, 0x00000000e0000000)
  object space 114688K, 39% used [0x00000000a0000000,0x00000000a2be0500,0x00000000a7000000)
 Metaspace       used 70210K, capacity 73896K, committed 74004K, reserved 1114112K
  class space    used 9139K, capacity 10038K, committed 10044K, reserved 1048576K
}
Event: 2124.326 GC heap before
{Heap before GC invocations=21 (full 3):
 PSYoungGen      total 245248K, used 233264K [0x00000000e0000000, 0x00000000f1980000, 0x0000000100000000)
  eden space 220160K, 100% used [0x00000000e0000000,0x00000000ed700000,0x00000000ed700000)
  from space 25088K, 52% used [0x00000000ed700000,0x00000000ee3cc140,0x00000000eef80000)
  to   space 24064K, 0% used [0x00000000f0200000,0x00000000f0200000,0x00000000f1980000)
 ParOldGen       total 114688K, used 44929K [0x00000000a0000000, 0x00000000a7000000, 0x00000000e0000000)
  object space 114688K, 39% used [0x00000000a0000000,0x00000000a2be0500,0x00000000a7000000)
 Metaspace       used 74715K, capacity 78762K, committed 78996K, reserved 1118208K
  class space    used 9704K, capacity 10651K, committed 10684K, reserved 1048576K
Event: 2124.368 GC heap after
Heap after GC invocations=21 (full 3):
 PSYoungGen      total 232448K, used 20075K [0x00000000e0000000, 0x00000000f1600000, 0x0000000100000000)
  eden space 211968K, 0% used [0x00000000e0000000,0x00000000e0000000,0x00000000ecf00000)
  from space 20480K, 98% used [0x00000000f0200000,0x00000000f159aec0,0x00000000f1600000)
  to   space 25600K, 0% used [0x00000000ee400000,0x00000000ee400000,0x00000000efd00000)
 ParOldGen       total 114688K, used 44937K [0x00000000a0000000, 0x00000000a7000000, 0x00000000e0000000)
  object space 114688K, 39% used [0x00000000a0000000,0x00000000a2be2500,0x00000000a7000000)
 Metaspace       used 74715K, capacity 78762K, committed 78996K, reserved 1118208K
  class space    used 9704K, capacity 10651K, committed 10684K, reserved 1048576K
}
Event: 2129.535 GC heap before
{Heap before GC invocations=22 (full 3):
 PSYoungGen      total 232448K, used 232043K [0x00000000e0000000, 0x00000000f1600000, 0x0000000100000000)
  eden space 211968K, 100% used [0x00000000e0000000,0x00000000ecf00000,0x00000000ecf00000)
  from space 20480K, 98% used [0x00000000f0200000,0x00000000f159aec0,0x00000000f1600000)
  to   space 25600K, 0% used [0x00000000ee400000,0x00000000ee400000,0x00000000efd00000)
 ParOldGen       total 114688K, used 44937K [0x00000000a0000000, 0x00000000a7000000, 0x00000000e0000000)
  object space 114688K, 39% used [0x00000000a0000000,0x00000000a2be2500,0x00000000a7000000)
 Metaspace       used 78525K, capacity 82738K, committed 83092K, reserved 1122304K
  class space    used 10075K, capacity 11091K, committed 11196K, reserved 1048576K
Event: 2129.591 GC heap after
Heap after GC invocations=22 (full 3):
 PSYoungGen      total 229376K, used 25596K [0x00000000e0000000, 0x00000000f0400000, 0x0000000100000000)
  eden space 203776K, 0% used [0x00000000e0000000,0x00000000e0000000,0x00000000ec700000)
  from space 25600K, 99% used [0x00000000ee400000,0x00000000efcff2f0,0x00000000efd00000)
  to   space 7168K, 0% used [0x00000000efd00000,0x00000000efd00000,0x00000000f0400000)
 ParOldGen       total 114688K, used 50462K [0x00000000a0000000, 0x00000000a7000000, 0x00000000e0000000)
  object space 114688K, 43% used [0x00000000a0000000,0x00000000a3147928,0x00000000a7000000)
 Metaspace       used 78525K, capacity 82738K, committed 83092K, reserved 1122304K
  class space    used 10075K, capacity 11091K, committed 11196K, reserved 1048576K
}
Event: 2131.723 GC heap before
{Heap before GC invocations=23 (full 3):
 PSYoungGen      total 229376K, used 229372K [0x00000000e0000000, 0x00000000f0400000, 0x0000000100000000)
  eden space 203776K, 100% used [0x00000000e0000000,0x00000000ec700000,0x00000000ec700000)
  from space 25600K, 99% used [0x00000000ee400000,0x00000000efcff2f0,0x00000000efd00000)
  to   space 7168K, 0% used [0x00000000efd00000,0x00000000efd00000,0x00000000f0400000)
 ParOldGen       total 114688K, used 50462K [0x00000000a0000000, 0x00000000a7000000, 0x00000000e0000000)
  object space 114688K, 43% used [0x00000000a0000000,0x00000000a3147928,0x00000000a7000000)
 Metaspace       used 80474K, capacity 84676K, committed 85012K, reserved 1122304K
  class space    used 10229K, capacity 11226K, committed 11324K, reserved 1048576K
Event: 2131.817 GC heap after
Heap after GC invocations=23 (full 3):
 PSYoungGen      total 219648K, used 7148K [0x00000000e0000000, 0x00000000f3d00000, 0x0000000100000000)
  eden space 212480K, 0% used [0x00000000e0000000,0x00000000e0000000,0x00000000ecf80000)
  from space 7168K, 99% used [0x00000000efd00000,0x00000000f03fb0d0,0x00000000f0400000)
  to   space 46592K, 0% used [0x00000000ecf80000,0x00000000ecf80000,0x00000000efd00000)
 ParOldGen       total 114688K, used 103290K [0x00000000a0000000, 0x00000000a7000000, 0x00000000e0000000)
  object space 114688K, 90% used [0x00000000a0000000,0x00000000a64debe8,0x00000000a7000000)
 Metaspace       used 80474K, capacity 84676K, committed 85012K, reserved 1122304K
  class space    used 10229K, capacity 11226K, committed 11324K, reserved 1048576K
}
Event: 2131.829 GC heap before
{Heap before GC invocations=24 (full 4):
 PSYoungGen      total 219648K, used 7148K [0x00000000e0000000, 0x00000000f3d00000, 0x0000000100000000)
  eden space 212480K, 0% used [0x00000000e0000000,0x00000000e0000000,0x00000000ecf80000)
  from space 7168K, 99% used [0x00000000efd00000,0x00000000f03fb0d0,0x00000000f0400000)
  to   space 46592K, 0% used [0x00000000ecf80000,0x00000000ecf80000,0x00000000efd00000)
 ParOldGen       total 114688K, used 103290K [0x00000000a0000000, 0x00000000a7000000, 0x00000000e0000000)
  object space 114688K, 90% used [0x00000000a0000000,0x00000000a64debe8,0x00000000a7000000)
 Metaspace       used 80474K, capacity 84676K, committed 85012K, reserved 1122304K
  class space    used 10229K, capacity 11226K, committed 11324K, reserved 1048576K

